<?xml version="1.0" encoding="UTF-8"?>
<coverage generated="1601262034778" clover="3.2.0">
  <project timestamp="1601262034778" name="All files">
    <metrics statements="22" coveredstatements="1" conditionals="3" coveredconditionals="0" methods="9" coveredmethods="0" elements="34" coveredelements="1" complexity="0" loc="22" ncloc="22" packages="1" files="1" classes="1"/>
    <file name="graph.js" path="/Users/lulu/Documents/cf/401/data-structures-and-algorithms/Javascript/data-structures/graph/graph.js">
      <metrics statements="22" coveredstatements="1" conditionals="3" coveredconditionals="0" methods="9" coveredmethods="0"/>
      <line num="5" count="0" type="stmt"/>
      <line num="6" count="0" type="stmt"/>
      <line num="12" count="0" type="stmt"/>
      <line num="13" count="0" type="stmt"/>
      <line num="14" count="0" type="stmt"/>
      <line num="21" count="0" type="stmt"/>
      <line num="22" count="0" type="stmt"/>
      <line num="30" count="0" type="stmt"/>
      <line num="31" count="0" type="stmt"/>
      <line num="32" count="0" type="stmt"/>
      <line num="40" count="0" type="stmt"/>
      <line num="41" count="0" type="stmt"/>
      <line num="43" count="0" type="stmt"/>
      <line num="44" count="0" type="stmt"/>
      <line num="49" count="0" type="stmt"/>
      <line num="56" count="0" type="stmt"/>
      <line num="58" count="0" type="stmt"/>
      <line num="59" count="0" type="cond" truecount="0" falsecount="2"/>
      <line num="60" count="0" type="stmt"/>
      <line num="63" count="0" type="stmt"/>
      <line num="68" count="0" type="stmt"/>
      <line num="73" count="1" type="stmt"/>
    </file>
  </project>
</coverage>
