{"/Users/lulu/Documents/cf/401/data-structures-and-algorithms/Javascript/data-structures/tree/tree.js": {"path":"/Users/lulu/Documents/cf/401/data-structures-and-algorithms/Javascript/data-structures/tree/tree.js","statementMap":{"0":{"start":{"line":6,"column":4},"end":{"line":6,"column":23}},"1":{"start":{"line":7,"column":4},"end":{"line":7,"column":21}},"2":{"start":{"line":8,"column":4},"end":{"line":8,"column":23}},"3":{"start":{"line":16,"column":4},"end":{"line":16,"column":21}},"4":{"start":{"line":20,"column":16},"end":{"line":20,"column":18}},"5":{"start":{"line":23,"column":6},"end":{"line":25,"column":7}},"6":{"start":{"line":24,"column":8},"end":{"line":24,"column":15}},"7":{"start":{"line":27,"column":6},"end":{"line":27,"column":27}},"8":{"start":{"line":29,"column":6},"end":{"line":29,"column":27}},"9":{"start":{"line":30,"column":6},"end":{"line":30,"column":28}},"10":{"start":{"line":32,"column":4},"end":{"line":32,"column":25}},"11":{"start":{"line":33,"column":4},"end":{"line":33,"column":15}},"12":{"start":{"line":38,"column":16},"end":{"line":38,"column":18}},"13":{"start":{"line":41,"column":6},"end":{"line":43,"column":7}},"14":{"start":{"line":42,"column":8},"end":{"line":42,"column":15}},"15":{"start":{"line":44,"column":6},"end":{"line":44,"column":26}},"16":{"start":{"line":45,"column":6},"end":{"line":45,"column":27}},"17":{"start":{"line":47,"column":6},"end":{"line":47,"column":27}},"18":{"start":{"line":49,"column":4},"end":{"line":49,"column":24}},"19":{"start":{"line":50,"column":4},"end":{"line":50,"column":15}},"20":{"start":{"line":54,"column":16},"end":{"line":54,"column":18}},"21":{"start":{"line":57,"column":6},"end":{"line":59,"column":7}},"22":{"start":{"line":58,"column":8},"end":{"line":58,"column":15}},"23":{"start":{"line":62,"column":6},"end":{"line":62,"column":28}},"24":{"start":{"line":63,"column":6},"end":{"line":63,"column":29}},"25":{"start":{"line":64,"column":6},"end":{"line":64,"column":27}},"26":{"start":{"line":66,"column":4},"end":{"line":66,"column":26}},"27":{"start":{"line":67,"column":4},"end":{"line":67,"column":15}},"28":{"start":{"line":72,"column":16},"end":{"line":72,"column":18}},"29":{"start":{"line":73,"column":14},"end":{"line":73,"column":15}},"30":{"start":{"line":77,"column":6},"end":{"line":79,"column":7}},"31":{"start":{"line":78,"column":8},"end":{"line":78,"column":15}},"32":{"start":{"line":81,"column":6},"end":{"line":81,"column":29}},"33":{"start":{"line":83,"column":6},"end":{"line":83,"column":27}},"34":{"start":{"line":84,"column":6},"end":{"line":84,"column":28}},"35":{"start":{"line":86,"column":4},"end":{"line":91,"column":5}},"36":{"start":{"line":86,"column":17},"end":{"line":86,"column":18}},"37":{"start":{"line":87,"column":6},"end":{"line":90,"column":7}},"38":{"start":{"line":88,"column":8},"end":{"line":88,"column":23}},"39":{"start":{"line":89,"column":8},"end":{"line":89,"column":19}},"40":{"start":{"line":93,"column":4},"end":{"line":93,"column":25}},"41":{"start":{"line":104,"column":19},"end":{"line":104,"column":34}},"42":{"start":{"line":105,"column":4},"end":{"line":125,"column":5}},"43":{"start":{"line":106,"column":6},"end":{"line":106,"column":25}},"44":{"start":{"line":108,"column":20},"end":{"line":108,"column":29}},"45":{"start":{"line":109,"column":6},"end":{"line":124,"column":7}},"46":{"start":{"line":111,"column":8},"end":{"line":118,"column":9}},"47":{"start":{"line":112,"column":10},"end":{"line":117,"column":11}},"48":{"start":{"line":113,"column":12},"end":{"line":113,"column":34}},"49":{"start":{"line":114,"column":12},"end":{"line":114,"column":18}},"50":{"start":{"line":116,"column":12},"end":{"line":116,"column":35}},"51":{"start":{"line":118,"column":10},"end":{"line":123,"column":9}},"52":{"start":{"line":119,"column":10},"end":{"line":122,"column":41}},"53":{"start":{"line":120,"column":12},"end":{"line":120,"column":35}},"54":{"start":{"line":121,"column":12},"end":{"line":121,"column":18}},"55":{"start":{"line":122,"column":17},"end":{"line":122,"column":41}},"56":{"start":{"line":132,"column":4},"end":{"line":134,"column":5}},"57":{"start":{"line":133,"column":6},"end":{"line":133,"column":18}},"58":{"start":{"line":135,"column":18},"end":{"line":135,"column":27}},"59":{"start":{"line":136,"column":22},"end":{"line":136,"column":27}},"60":{"start":{"line":138,"column":4},"end":{"line":146,"column":5}},"61":{"start":{"line":139,"column":6},"end":{"line":145,"column":7}},"62":{"start":{"line":140,"column":8},"end":{"line":140,"column":31}},"63":{"start":{"line":141,"column":13},"end":{"line":145,"column":7}},"64":{"start":{"line":142,"column":8},"end":{"line":142,"column":32}},"65":{"start":{"line":144,"column":8},"end":{"line":144,"column":27}},"66":{"start":{"line":147,"column":4},"end":{"line":149,"column":5}},"67":{"start":{"line":148,"column":6},"end":{"line":148,"column":19}},"68":{"start":{"line":150,"column":4},"end":{"line":150,"column":19}},"69":{"start":{"line":155,"column":0},"end":{"line":155,"column":42}}},"fnMap":{"0":{"name":"(anonymous_0)","decl":{"start":{"line":5,"column":2},"end":{"line":5,"column":3}},"loc":{"start":{"line":5,"column":43},"end":{"line":9,"column":3}},"line":5},"1":{"name":"(anonymous_1)","decl":{"start":{"line":15,"column":2},"end":{"line":15,"column":3}},"loc":{"start":{"line":15,"column":24},"end":{"line":17,"column":3}},"line":15},"2":{"name":"(anonymous_2)","decl":{"start":{"line":19,"column":2},"end":{"line":19,"column":3}},"loc":{"start":{"line":19,"column":12},"end":{"line":34,"column":3}},"line":19},"3":{"name":"_preOrder","decl":{"start":{"line":21,"column":13},"end":{"line":21,"column":22}},"loc":{"start":{"line":21,"column":28},"end":{"line":31,"column":5}},"line":21},"4":{"name":"(anonymous_4)","decl":{"start":{"line":37,"column":2},"end":{"line":37,"column":3}},"loc":{"start":{"line":37,"column":11},"end":{"line":51,"column":3}},"line":37},"5":{"name":"_inOrder","decl":{"start":{"line":39,"column":13},"end":{"line":39,"column":21}},"loc":{"start":{"line":39,"column":27},"end":{"line":48,"column":5}},"line":39},"6":{"name":"(anonymous_6)","decl":{"start":{"line":53,"column":2},"end":{"line":53,"column":3}},"loc":{"start":{"line":53,"column":13},"end":{"line":68,"column":3}},"line":53},"7":{"name":"_postOrder","decl":{"start":{"line":55,"column":13},"end":{"line":55,"column":23}},"loc":{"start":{"line":55,"column":29},"end":{"line":65,"column":5}},"line":55},"8":{"name":"(anonymous_8)","decl":{"start":{"line":70,"column":2},"end":{"line":70,"column":3}},"loc":{"start":{"line":70,"column":20},"end":{"line":95,"column":3}},"line":70},"9":{"name":"_preOrder","decl":{"start":{"line":75,"column":13},"end":{"line":75,"column":22}},"loc":{"start":{"line":75,"column":28},"end":{"line":92,"column":3}},"line":75},"10":{"name":"(anonymous_10)","decl":{"start":{"line":102,"column":2},"end":{"line":102,"column":3}},"loc":{"start":{"line":102,"column":12},"end":{"line":127,"column":3}},"line":102},"11":{"name":"(anonymous_11)","decl":{"start":{"line":131,"column":2},"end":{"line":131,"column":3}},"loc":{"start":{"line":131,"column":17},"end":{"line":151,"column":3}},"line":131}},"branchMap":{"0":{"loc":{"start":{"line":5,"column":21},"end":{"line":5,"column":30}},"type":"default-arg","locations":[{"start":{"line":5,"column":26},"end":{"line":5,"column":30}}],"line":5},"1":{"loc":{"start":{"line":5,"column":32},"end":{"line":5,"column":42}},"type":"default-arg","locations":[{"start":{"line":5,"column":38},"end":{"line":5,"column":42}}],"line":5},"2":{"loc":{"start":{"line":15,"column":14},"end":{"line":15,"column":23}},"type":"default-arg","locations":[{"start":{"line":15,"column":19},"end":{"line":15,"column":23}}],"line":15},"3":{"loc":{"start":{"line":23,"column":6},"end":{"line":25,"column":7}},"type":"if","locations":[{"start":{"line":23,"column":6},"end":{"line":25,"column":7}},{"start":{"line":23,"column":6},"end":{"line":25,"column":7}}],"line":23},"4":{"loc":{"start":{"line":41,"column":6},"end":{"line":43,"column":7}},"type":"if","locations":[{"start":{"line":41,"column":6},"end":{"line":43,"column":7}},{"start":{"line":41,"column":6},"end":{"line":43,"column":7}}],"line":41},"5":{"loc":{"start":{"line":57,"column":6},"end":{"line":59,"column":7}},"type":"if","locations":[{"start":{"line":57,"column":6},"end":{"line":59,"column":7}},{"start":{"line":57,"column":6},"end":{"line":59,"column":7}}],"line":57},"6":{"loc":{"start":{"line":77,"column":6},"end":{"line":79,"column":7}},"type":"if","locations":[{"start":{"line":77,"column":6},"end":{"line":79,"column":7}},{"start":{"line":77,"column":6},"end":{"line":79,"column":7}}],"line":77},"7":{"loc":{"start":{"line":87,"column":6},"end":{"line":90,"column":7}},"type":"if","locations":[{"start":{"line":87,"column":6},"end":{"line":90,"column":7}},{"start":{"line":87,"column":6},"end":{"line":90,"column":7}}],"line":87},"8":{"loc":{"start":{"line":105,"column":4},"end":{"line":125,"column":5}},"type":"if","locations":[{"start":{"line":105,"column":4},"end":{"line":125,"column":5}},{"start":{"line":105,"column":4},"end":{"line":125,"column":5}}],"line":105},"9":{"loc":{"start":{"line":111,"column":8},"end":{"line":118,"column":9}},"type":"if","locations":[{"start":{"line":111,"column":8},"end":{"line":118,"column":9}},{"start":{"line":111,"column":8},"end":{"line":118,"column":9}}],"line":111},"10":{"loc":{"start":{"line":112,"column":10},"end":{"line":117,"column":11}},"type":"if","locations":[{"start":{"line":112,"column":10},"end":{"line":117,"column":11}},{"start":{"line":112,"column":10},"end":{"line":117,"column":11}}],"line":112},"11":{"loc":{"start":{"line":118,"column":10},"end":{"line":123,"column":9}},"type":"if","locations":[{"start":{"line":118,"column":10},"end":{"line":123,"column":9}},{"start":{"line":118,"column":10},"end":{"line":123,"column":9}}],"line":118},"12":{"loc":{"start":{"line":119,"column":10},"end":{"line":122,"column":41}},"type":"if","locations":[{"start":{"line":119,"column":10},"end":{"line":122,"column":41}},{"start":{"line":119,"column":10},"end":{"line":122,"column":41}}],"line":119},"13":{"loc":{"start":{"line":132,"column":4},"end":{"line":134,"column":5}},"type":"if","locations":[{"start":{"line":132,"column":4},"end":{"line":134,"column":5}},{"start":{"line":132,"column":4},"end":{"line":134,"column":5}}],"line":132},"14":{"loc":{"start":{"line":138,"column":11},"end":{"line":138,"column":34}},"type":"binary-expr","locations":[{"start":{"line":138,"column":11},"end":{"line":138,"column":18}},{"start":{"line":138,"column":22},"end":{"line":138,"column":34}}],"line":138},"15":{"loc":{"start":{"line":139,"column":6},"end":{"line":145,"column":7}},"type":"if","locations":[{"start":{"line":139,"column":6},"end":{"line":145,"column":7}},{"start":{"line":139,"column":6},"end":{"line":145,"column":7}}],"line":139},"16":{"loc":{"start":{"line":141,"column":13},"end":{"line":145,"column":7}},"type":"if","locations":[{"start":{"line":141,"column":13},"end":{"line":145,"column":7}},{"start":{"line":141,"column":13},"end":{"line":145,"column":7}}],"line":141},"17":{"loc":{"start":{"line":147,"column":4},"end":{"line":149,"column":5}},"type":"if","locations":[{"start":{"line":147,"column":4},"end":{"line":149,"column":5}},{"start":{"line":147,"column":4},"end":{"line":149,"column":5}}],"line":147}},"s":{"0":3,"1":3,"2":3,"3":2,"4":0,"5":0,"6":0,"7":0,"8":0,"9":0,"10":0,"11":0,"12":0,"13":0,"14":0,"15":0,"16":0,"17":0,"18":0,"19":0,"20":0,"21":0,"22":0,"23":0,"24":0,"25":0,"26":0,"27":0,"28":2,"29":2,"30":8,"31":5,"32":3,"33":3,"34":3,"35":3,"36":3,"37":3,"38":3,"39":3,"40":2,"41":0,"42":0,"43":0,"44":0,"45":0,"46":0,"47":0,"48":0,"49":0,"50":0,"51":0,"52":0,"53":0,"54":0,"55":0,"56":0,"57":0,"58":0,"59":0,"60":0,"61":0,"62":0,"63":0,"64":0,"65":0,"66":0,"67":0,"68":0,"69":1},"f":{"0":3,"1":2,"2":0,"3":0,"4":0,"5":0,"6":0,"7":0,"8":2,"9":8,"10":0,"11":0},"b":{"0":[2],"1":[2],"2":[1],"3":[0,0],"4":[0,0],"5":[0,0],"6":[5,3],"7":[3,0],"8":[0,0],"9":[0,0],"10":[0,0],"11":[0,0],"12":[0,0],"13":[0,0],"14":[0,0],"15":[0,0],"16":[0,0],"17":[0,0]},"_coverageSchema":"43e27e138ebf9cfc5966b082cf9a028302ed4184","hash":"a1b8b2a2371daeb8e873a85261808deb0b8239bc"}
}
