{"/Users/lulu/Documents/cf/401/data-structures-and-algorithms/Javascript/data-structures/stacksAndQueues/stacks-and-queues.js": {"path":"/Users/lulu/Documents/cf/401/data-structures-and-algorithms/Javascript/data-structures/stacksAndQueues/stacks-and-queues.js","statementMap":{"0":{"start":{"line":5,"column":4},"end":{"line":5,"column":23}},"1":{"start":{"line":6,"column":4},"end":{"line":6,"column":21}},"2":{"start":{"line":13,"column":4},"end":{"line":13,"column":18}},"3":{"start":{"line":14,"column":4},"end":{"line":14,"column":20}},"4":{"start":{"line":20,"column":4},"end":{"line":24,"column":5}},"5":{"start":{"line":21,"column":6},"end":{"line":21,"column":18}},"6":{"start":{"line":23,"column":6},"end":{"line":23,"column":19}},"7":{"start":{"line":28,"column":4},"end":{"line":30,"column":5}},"8":{"start":{"line":29,"column":6},"end":{"line":29,"column":58}},"9":{"start":{"line":31,"column":4},"end":{"line":31,"column":26}},"10":{"start":{"line":35,"column":19},"end":{"line":35,"column":27}},"11":{"start":{"line":36,"column":4},"end":{"line":36,"column":31}},"12":{"start":{"line":37,"column":4},"end":{"line":37,"column":27}},"13":{"start":{"line":41,"column":4},"end":{"line":43,"column":5}},"14":{"start":{"line":42,"column":6},"end":{"line":42,"column":57}},"15":{"start":{"line":44,"column":18},"end":{"line":44,"column":26}},"16":{"start":{"line":45,"column":4},"end":{"line":45,"column":29}},"17":{"start":{"line":46,"column":4},"end":{"line":46,"column":24}},"18":{"start":{"line":47,"column":4},"end":{"line":47,"column":25}},"19":{"start":{"line":56,"column":4},"end":{"line":56,"column":22}},"20":{"start":{"line":57,"column":4},"end":{"line":57,"column":21}},"21":{"start":{"line":61,"column":4},"end":{"line":61,"column":31}},"22":{"start":{"line":70,"column":20},"end":{"line":70,"column":29}},"23":{"start":{"line":71,"column":4},"end":{"line":71,"column":32}},"24":{"start":{"line":72,"column":4},"end":{"line":72,"column":29}},"25":{"start":{"line":76,"column":4},"end":{"line":78,"column":5}},"26":{"start":{"line":77,"column":6},"end":{"line":77,"column":61}},"27":{"start":{"line":79,"column":18},"end":{"line":79,"column":28}},"28":{"start":{"line":80,"column":4},"end":{"line":80,"column":33}},"29":{"start":{"line":81,"column":4},"end":{"line":81,"column":24}},"30":{"start":{"line":82,"column":4},"end":{"line":82,"column":25}},"31":{"start":{"line":86,"column":4},"end":{"line":88,"column":5}},"32":{"start":{"line":87,"column":6},"end":{"line":87,"column":58}},"33":{"start":{"line":89,"column":4},"end":{"line":89,"column":28}},"34":{"start":{"line":95,"column":0},"end":{"line":95,"column":38}}},"fnMap":{"0":{"name":"(anonymous_0)","decl":{"start":{"line":4,"column":2},"end":{"line":4,"column":3}},"loc":{"start":{"line":4,"column":20},"end":{"line":7,"column":3}},"line":4},"1":{"name":"(anonymous_1)","decl":{"start":{"line":12,"column":2},"end":{"line":12,"column":3}},"loc":{"start":{"line":12,"column":15},"end":{"line":15,"column":3}},"line":12},"2":{"name":"(anonymous_2)","decl":{"start":{"line":17,"column":2},"end":{"line":17,"column":3}},"loc":{"start":{"line":17,"column":11},"end":{"line":25,"column":3}},"line":17},"3":{"name":"(anonymous_3)","decl":{"start":{"line":27,"column":2},"end":{"line":27,"column":3}},"loc":{"start":{"line":27,"column":8},"end":{"line":32,"column":3}},"line":27},"4":{"name":"(anonymous_4)","decl":{"start":{"line":34,"column":2},"end":{"line":34,"column":3}},"loc":{"start":{"line":34,"column":13},"end":{"line":38,"column":3}},"line":34},"5":{"name":"(anonymous_5)","decl":{"start":{"line":40,"column":2},"end":{"line":40,"column":3}},"loc":{"start":{"line":40,"column":7},"end":{"line":48,"column":3}},"line":40},"6":{"name":"(anonymous_6)","decl":{"start":{"line":55,"column":2},"end":{"line":55,"column":3}},"loc":{"start":{"line":55,"column":15},"end":{"line":58,"column":3}},"line":55},"7":{"name":"(anonymous_7)","decl":{"start":{"line":60,"column":2},"end":{"line":60,"column":3}},"loc":{"start":{"line":60,"column":11},"end":{"line":62,"column":3}},"line":60},"8":{"name":"(anonymous_8)","decl":{"start":{"line":64,"column":2},"end":{"line":64,"column":3}},"loc":{"start":{"line":64,"column":16},"end":{"line":73,"column":3}},"line":64},"9":{"name":"(anonymous_9)","decl":{"start":{"line":75,"column":2},"end":{"line":75,"column":3}},"loc":{"start":{"line":75,"column":11},"end":{"line":83,"column":3}},"line":75},"10":{"name":"(anonymous_10)","decl":{"start":{"line":85,"column":2},"end":{"line":85,"column":3}},"loc":{"start":{"line":85,"column":8},"end":{"line":90,"column":3}},"line":85}},"branchMap":{"0":{"loc":{"start":{"line":20,"column":4},"end":{"line":24,"column":5}},"type":"if","locations":[{"start":{"line":20,"column":4},"end":{"line":24,"column":5}},{"start":{"line":20,"column":4},"end":{"line":24,"column":5}}],"line":20},"1":{"loc":{"start":{"line":28,"column":4},"end":{"line":30,"column":5}},"type":"if","locations":[{"start":{"line":28,"column":4},"end":{"line":30,"column":5}},{"start":{"line":28,"column":4},"end":{"line":30,"column":5}}],"line":28},"2":{"loc":{"start":{"line":41,"column":4},"end":{"line":43,"column":5}},"type":"if","locations":[{"start":{"line":41,"column":4},"end":{"line":43,"column":5}},{"start":{"line":41,"column":4},"end":{"line":43,"column":5}}],"line":41},"3":{"loc":{"start":{"line":76,"column":4},"end":{"line":78,"column":5}},"type":"if","locations":[{"start":{"line":76,"column":4},"end":{"line":78,"column":5}},{"start":{"line":76,"column":4},"end":{"line":78,"column":5}}],"line":76},"4":{"loc":{"start":{"line":86,"column":4},"end":{"line":88,"column":5}},"type":"if","locations":[{"start":{"line":86,"column":4},"end":{"line":88,"column":5}},{"start":{"line":86,"column":4},"end":{"line":88,"column":5}}],"line":86}},"s":{"0":0,"1":0,"2":0,"3":0,"4":0,"5":0,"6":0,"7":0,"8":0,"9":0,"10":0,"11":0,"12":0,"13":0,"14":0,"15":0,"16":0,"17":0,"18":0,"19":1,"20":1,"21":0,"22":0,"23":0,"24":0,"25":0,"26":0,"27":0,"28":0,"29":0,"30":0,"31":0,"32":0,"33":0,"34":1},"f":{"0":0,"1":0,"2":0,"3":0,"4":0,"5":0,"6":1,"7":0,"8":0,"9":0,"10":0},"b":{"0":[0,0],"1":[0,0],"2":[0,0],"3":[0,0],"4":[0,0]},"_coverageSchema":"43e27e138ebf9cfc5966b082cf9a028302ed4184","hash":"eeaaad9674a6d27fed1fc3f10d667687fad7c0a8"}
,"/Users/lulu/Documents/cf/401/data-structures-and-algorithms/Javascript/data-structures/tree/tree.js": {"path":"/Users/lulu/Documents/cf/401/data-structures-and-algorithms/Javascript/data-structures/tree/tree.js","statementMap":{"0":{"start":{"line":3,"column":16},"end":{"line":3,"column":63}},"1":{"start":{"line":8,"column":4},"end":{"line":8,"column":23}},"2":{"start":{"line":9,"column":4},"end":{"line":9,"column":21}},"3":{"start":{"line":10,"column":4},"end":{"line":10,"column":23}},"4":{"start":{"line":18,"column":4},"end":{"line":18,"column":21}},"5":{"start":{"line":22,"column":16},"end":{"line":22,"column":18}},"6":{"start":{"line":25,"column":6},"end":{"line":27,"column":7}},"7":{"start":{"line":26,"column":8},"end":{"line":26,"column":15}},"8":{"start":{"line":29,"column":6},"end":{"line":29,"column":27}},"9":{"start":{"line":31,"column":6},"end":{"line":31,"column":27}},"10":{"start":{"line":32,"column":6},"end":{"line":32,"column":28}},"11":{"start":{"line":34,"column":4},"end":{"line":34,"column":25}},"12":{"start":{"line":35,"column":4},"end":{"line":35,"column":15}},"13":{"start":{"line":40,"column":16},"end":{"line":40,"column":18}},"14":{"start":{"line":43,"column":6},"end":{"line":45,"column":7}},"15":{"start":{"line":44,"column":8},"end":{"line":44,"column":15}},"16":{"start":{"line":46,"column":6},"end":{"line":46,"column":26}},"17":{"start":{"line":47,"column":6},"end":{"line":47,"column":27}},"18":{"start":{"line":49,"column":6},"end":{"line":49,"column":27}},"19":{"start":{"line":51,"column":4},"end":{"line":51,"column":24}},"20":{"start":{"line":52,"column":4},"end":{"line":52,"column":15}},"21":{"start":{"line":56,"column":16},"end":{"line":56,"column":18}},"22":{"start":{"line":59,"column":6},"end":{"line":61,"column":7}},"23":{"start":{"line":60,"column":8},"end":{"line":60,"column":15}},"24":{"start":{"line":64,"column":6},"end":{"line":64,"column":28}},"25":{"start":{"line":65,"column":6},"end":{"line":65,"column":29}},"26":{"start":{"line":66,"column":6},"end":{"line":66,"column":27}},"27":{"start":{"line":68,"column":4},"end":{"line":68,"column":26}},"28":{"start":{"line":69,"column":4},"end":{"line":69,"column":15}},"29":{"start":{"line":74,"column":16},"end":{"line":74,"column":18}},"30":{"start":{"line":75,"column":14},"end":{"line":75,"column":15}},"31":{"start":{"line":79,"column":6},"end":{"line":81,"column":7}},"32":{"start":{"line":80,"column":8},"end":{"line":80,"column":15}},"33":{"start":{"line":82,"column":6},"end":{"line":82,"column":30}},"34":{"start":{"line":83,"column":6},"end":{"line":85,"column":7}},"35":{"start":{"line":84,"column":8},"end":{"line":84,"column":29}},"36":{"start":{"line":86,"column":6},"end":{"line":86,"column":29}},"37":{"start":{"line":87,"column":6},"end":{"line":87,"column":25}},"38":{"start":{"line":88,"column":6},"end":{"line":90,"column":7}},"39":{"start":{"line":89,"column":8},"end":{"line":89,"column":30}},"40":{"start":{"line":92,"column":4},"end":{"line":92,"column":25}},"41":{"start":{"line":94,"column":4},"end":{"line":99,"column":5}},"42":{"start":{"line":94,"column":17},"end":{"line":94,"column":18}},"43":{"start":{"line":95,"column":6},"end":{"line":98,"column":7}},"44":{"start":{"line":96,"column":8},"end":{"line":96,"column":23}},"45":{"start":{"line":97,"column":8},"end":{"line":97,"column":19}},"46":{"start":{"line":104,"column":19},"end":{"line":104,"column":21}},"47":{"start":{"line":105,"column":18},"end":{"line":105,"column":27}},"48":{"start":{"line":107,"column":4},"end":{"line":116,"column":5}},"49":{"start":{"line":108,"column":17},"end":{"line":108,"column":34}},"50":{"start":{"line":109,"column":6},"end":{"line":111,"column":7}},"51":{"start":{"line":110,"column":8},"end":{"line":110,"column":34}},"52":{"start":{"line":112,"column":6},"end":{"line":114,"column":7}},"53":{"start":{"line":113,"column":8},"end":{"line":113,"column":35}},"54":{"start":{"line":115,"column":6},"end":{"line":115,"column":30}},"55":{"start":{"line":127,"column":19},"end":{"line":127,"column":34}},"56":{"start":{"line":128,"column":4},"end":{"line":148,"column":5}},"57":{"start":{"line":129,"column":6},"end":{"line":129,"column":25}},"58":{"start":{"line":131,"column":20},"end":{"line":131,"column":29}},"59":{"start":{"line":132,"column":6},"end":{"line":147,"column":7}},"60":{"start":{"line":134,"column":8},"end":{"line":141,"column":9}},"61":{"start":{"line":135,"column":10},"end":{"line":140,"column":11}},"62":{"start":{"line":136,"column":12},"end":{"line":136,"column":34}},"63":{"start":{"line":137,"column":12},"end":{"line":137,"column":18}},"64":{"start":{"line":139,"column":12},"end":{"line":139,"column":35}},"65":{"start":{"line":141,"column":10},"end":{"line":146,"column":9}},"66":{"start":{"line":142,"column":10},"end":{"line":145,"column":41}},"67":{"start":{"line":143,"column":12},"end":{"line":143,"column":35}},"68":{"start":{"line":144,"column":12},"end":{"line":144,"column":18}},"69":{"start":{"line":145,"column":17},"end":{"line":145,"column":41}},"70":{"start":{"line":155,"column":4},"end":{"line":157,"column":5}},"71":{"start":{"line":156,"column":6},"end":{"line":156,"column":18}},"72":{"start":{"line":158,"column":18},"end":{"line":158,"column":27}},"73":{"start":{"line":159,"column":22},"end":{"line":159,"column":27}},"74":{"start":{"line":161,"column":4},"end":{"line":169,"column":5}},"75":{"start":{"line":162,"column":6},"end":{"line":168,"column":7}},"76":{"start":{"line":163,"column":8},"end":{"line":163,"column":31}},"77":{"start":{"line":164,"column":13},"end":{"line":168,"column":7}},"78":{"start":{"line":165,"column":8},"end":{"line":165,"column":32}},"79":{"start":{"line":167,"column":8},"end":{"line":167,"column":27}},"80":{"start":{"line":170,"column":4},"end":{"line":172,"column":5}},"81":{"start":{"line":171,"column":6},"end":{"line":171,"column":19}},"82":{"start":{"line":173,"column":4},"end":{"line":173,"column":19}},"83":{"start":{"line":178,"column":0},"end":{"line":178,"column":42}}},"fnMap":{"0":{"name":"(anonymous_0)","decl":{"start":{"line":7,"column":2},"end":{"line":7,"column":3}},"loc":{"start":{"line":7,"column":43},"end":{"line":11,"column":3}},"line":7},"1":{"name":"(anonymous_1)","decl":{"start":{"line":17,"column":2},"end":{"line":17,"column":3}},"loc":{"start":{"line":17,"column":24},"end":{"line":19,"column":3}},"line":17},"2":{"name":"(anonymous_2)","decl":{"start":{"line":21,"column":2},"end":{"line":21,"column":3}},"loc":{"start":{"line":21,"column":12},"end":{"line":36,"column":3}},"line":21},"3":{"name":"_preOrder","decl":{"start":{"line":23,"column":13},"end":{"line":23,"column":22}},"loc":{"start":{"line":23,"column":28},"end":{"line":33,"column":5}},"line":23},"4":{"name":"(anonymous_4)","decl":{"start":{"line":39,"column":2},"end":{"line":39,"column":3}},"loc":{"start":{"line":39,"column":11},"end":{"line":53,"column":3}},"line":39},"5":{"name":"_inOrder","decl":{"start":{"line":41,"column":13},"end":{"line":41,"column":21}},"loc":{"start":{"line":41,"column":27},"end":{"line":50,"column":5}},"line":41},"6":{"name":"(anonymous_6)","decl":{"start":{"line":55,"column":2},"end":{"line":55,"column":3}},"loc":{"start":{"line":55,"column":13},"end":{"line":70,"column":3}},"line":55},"7":{"name":"_postOrder","decl":{"start":{"line":57,"column":13},"end":{"line":57,"column":23}},"loc":{"start":{"line":57,"column":29},"end":{"line":67,"column":5}},"line":57},"8":{"name":"(anonymous_8)","decl":{"start":{"line":72,"column":2},"end":{"line":72,"column":3}},"loc":{"start":{"line":72,"column":20},"end":{"line":101,"column":3}},"line":72},"9":{"name":"_preOrder","decl":{"start":{"line":77,"column":13},"end":{"line":77,"column":22}},"loc":{"start":{"line":77,"column":28},"end":{"line":91,"column":5}},"line":77},"10":{"name":"(anonymous_10)","decl":{"start":{"line":103,"column":2},"end":{"line":103,"column":3}},"loc":{"start":{"line":103,"column":16},"end":{"line":118,"column":3}},"line":103},"11":{"name":"(anonymous_11)","decl":{"start":{"line":125,"column":2},"end":{"line":125,"column":3}},"loc":{"start":{"line":125,"column":12},"end":{"line":150,"column":3}},"line":125},"12":{"name":"(anonymous_12)","decl":{"start":{"line":154,"column":2},"end":{"line":154,"column":3}},"loc":{"start":{"line":154,"column":17},"end":{"line":174,"column":3}},"line":154}},"branchMap":{"0":{"loc":{"start":{"line":7,"column":21},"end":{"line":7,"column":30}},"type":"default-arg","locations":[{"start":{"line":7,"column":26},"end":{"line":7,"column":30}}],"line":7},"1":{"loc":{"start":{"line":7,"column":32},"end":{"line":7,"column":42}},"type":"default-arg","locations":[{"start":{"line":7,"column":38},"end":{"line":7,"column":42}}],"line":7},"2":{"loc":{"start":{"line":17,"column":14},"end":{"line":17,"column":23}},"type":"default-arg","locations":[{"start":{"line":17,"column":19},"end":{"line":17,"column":23}}],"line":17},"3":{"loc":{"start":{"line":25,"column":6},"end":{"line":27,"column":7}},"type":"if","locations":[{"start":{"line":25,"column":6},"end":{"line":27,"column":7}},{"start":{"line":25,"column":6},"end":{"line":27,"column":7}}],"line":25},"4":{"loc":{"start":{"line":43,"column":6},"end":{"line":45,"column":7}},"type":"if","locations":[{"start":{"line":43,"column":6},"end":{"line":45,"column":7}},{"start":{"line":43,"column":6},"end":{"line":45,"column":7}}],"line":43},"5":{"loc":{"start":{"line":59,"column":6},"end":{"line":61,"column":7}},"type":"if","locations":[{"start":{"line":59,"column":6},"end":{"line":61,"column":7}},{"start":{"line":59,"column":6},"end":{"line":61,"column":7}}],"line":59},"6":{"loc":{"start":{"line":79,"column":6},"end":{"line":81,"column":7}},"type":"if","locations":[{"start":{"line":79,"column":6},"end":{"line":81,"column":7}},{"start":{"line":79,"column":6},"end":{"line":81,"column":7}}],"line":79},"7":{"loc":{"start":{"line":83,"column":6},"end":{"line":85,"column":7}},"type":"if","locations":[{"start":{"line":83,"column":6},"end":{"line":85,"column":7}},{"start":{"line":83,"column":6},"end":{"line":85,"column":7}}],"line":83},"8":{"loc":{"start":{"line":88,"column":6},"end":{"line":90,"column":7}},"type":"if","locations":[{"start":{"line":88,"column":6},"end":{"line":90,"column":7}},{"start":{"line":88,"column":6},"end":{"line":90,"column":7}}],"line":88},"9":{"loc":{"start":{"line":95,"column":6},"end":{"line":98,"column":7}},"type":"if","locations":[{"start":{"line":95,"column":6},"end":{"line":98,"column":7}},{"start":{"line":95,"column":6},"end":{"line":98,"column":7}}],"line":95},"10":{"loc":{"start":{"line":109,"column":6},"end":{"line":111,"column":7}},"type":"if","locations":[{"start":{"line":109,"column":6},"end":{"line":111,"column":7}},{"start":{"line":109,"column":6},"end":{"line":111,"column":7}}],"line":109},"11":{"loc":{"start":{"line":112,"column":6},"end":{"line":114,"column":7}},"type":"if","locations":[{"start":{"line":112,"column":6},"end":{"line":114,"column":7}},{"start":{"line":112,"column":6},"end":{"line":114,"column":7}}],"line":112},"12":{"loc":{"start":{"line":128,"column":4},"end":{"line":148,"column":5}},"type":"if","locations":[{"start":{"line":128,"column":4},"end":{"line":148,"column":5}},{"start":{"line":128,"column":4},"end":{"line":148,"column":5}}],"line":128},"13":{"loc":{"start":{"line":134,"column":8},"end":{"line":141,"column":9}},"type":"if","locations":[{"start":{"line":134,"column":8},"end":{"line":141,"column":9}},{"start":{"line":134,"column":8},"end":{"line":141,"column":9}}],"line":134},"14":{"loc":{"start":{"line":135,"column":10},"end":{"line":140,"column":11}},"type":"if","locations":[{"start":{"line":135,"column":10},"end":{"line":140,"column":11}},{"start":{"line":135,"column":10},"end":{"line":140,"column":11}}],"line":135},"15":{"loc":{"start":{"line":141,"column":10},"end":{"line":146,"column":9}},"type":"if","locations":[{"start":{"line":141,"column":10},"end":{"line":146,"column":9}},{"start":{"line":141,"column":10},"end":{"line":146,"column":9}}],"line":141},"16":{"loc":{"start":{"line":142,"column":10},"end":{"line":145,"column":41}},"type":"if","locations":[{"start":{"line":142,"column":10},"end":{"line":145,"column":41}},{"start":{"line":142,"column":10},"end":{"line":145,"column":41}}],"line":142},"17":{"loc":{"start":{"line":155,"column":4},"end":{"line":157,"column":5}},"type":"if","locations":[{"start":{"line":155,"column":4},"end":{"line":157,"column":5}},{"start":{"line":155,"column":4},"end":{"line":157,"column":5}}],"line":155},"18":{"loc":{"start":{"line":161,"column":11},"end":{"line":161,"column":34}},"type":"binary-expr","locations":[{"start":{"line":161,"column":11},"end":{"line":161,"column":18}},{"start":{"line":161,"column":22},"end":{"line":161,"column":34}}],"line":161},"19":{"loc":{"start":{"line":162,"column":6},"end":{"line":168,"column":7}},"type":"if","locations":[{"start":{"line":162,"column":6},"end":{"line":168,"column":7}},{"start":{"line":162,"column":6},"end":{"line":168,"column":7}}],"line":162},"20":{"loc":{"start":{"line":164,"column":13},"end":{"line":168,"column":7}},"type":"if","locations":[{"start":{"line":164,"column":13},"end":{"line":168,"column":7}},{"start":{"line":164,"column":13},"end":{"line":168,"column":7}}],"line":164},"21":{"loc":{"start":{"line":170,"column":4},"end":{"line":172,"column":5}},"type":"if","locations":[{"start":{"line":170,"column":4},"end":{"line":172,"column":5}},{"start":{"line":170,"column":4},"end":{"line":172,"column":5}}],"line":170}},"s":{"0":1,"1":5,"2":5,"3":5,"4":1,"5":0,"6":0,"7":0,"8":0,"9":0,"10":0,"11":0,"12":0,"13":0,"14":0,"15":0,"16":0,"17":0,"18":0,"19":0,"20":0,"21":0,"22":0,"23":0,"24":0,"25":0,"26":0,"27":0,"28":0,"29":0,"30":0,"31":0,"32":0,"33":0,"34":0,"35":0,"36":0,"37":0,"38":0,"39":0,"40":0,"41":0,"42":0,"43":0,"44":0,"45":0,"46":1,"47":1,"48":1,"49":0,"50":0,"51":0,"52":0,"53":0,"54":0,"55":0,"56":0,"57":0,"58":0,"59":0,"60":0,"61":0,"62":0,"63":0,"64":0,"65":0,"66":0,"67":0,"68":0,"69":0,"70":0,"71":0,"72":0,"73":0,"74":0,"75":0,"76":0,"77":0,"78":0,"79":0,"80":0,"81":0,"82":0,"83":1},"f":{"0":5,"1":1,"2":0,"3":0,"4":0,"5":0,"6":0,"7":0,"8":0,"9":0,"10":1,"11":0,"12":0},"b":{"0":[5],"1":[5],"2":[0],"3":[0,0],"4":[0,0],"5":[0,0],"6":[0,0],"7":[0,0],"8":[0,0],"9":[0,0],"10":[0,0],"11":[0,0],"12":[0,0],"13":[0,0],"14":[0,0],"15":[0,0],"16":[0,0],"17":[0,0],"18":[0,0],"19":[0,0],"20":[0,0],"21":[0,0]},"_coverageSchema":"43e27e138ebf9cfc5966b082cf9a028302ed4184","hash":"86e16b38e6ffc7823e3cbed8a59bd45db3305e35"}
}
