TN:
SF:/Users/lulu/Documents/cf/401/data-structures-and-algorithms/Javascript/data-structures/hashtable/hashtable.js
FN:5,(anonymous_0)
FN:9,(anonymous_1)
FN:23,(anonymous_2)
FN:38,(anonymous_3)
FN:48,(anonymous_4)
FNF:5
FNH:4
FNDA:3,(anonymous_0)
FNDA:3,(anonymous_1)
FNDA:4,(anonymous_2)
FNDA:0,(anonymous_3)
FNDA:9,(anonymous_4)
DA:6,3
DA:11,3
DA:13,3
DA:15,3
DA:16,2
DA:18,1
DA:24,4
DA:26,4
DA:28,4
DA:29,3
DA:30,4
DA:31,3
DA:35,1
DA:39,0
DA:41,0
DA:42,0
DA:45,0
DA:51,9
DA:53,9
DA:54,46
DA:57,9
DA:58,9
DA:60,9
DA:67,1
LF:24
LH:20
BRDA:5,0,0,3
BRDA:15,1,0,2
BRDA:15,1,1,1
BRDA:28,2,0,3
BRDA:28,2,1,1
BRDA:30,3,0,3
BRDA:30,3,1,1
BRDA:41,4,0,0
BRDA:41,4,1,0
BRF:9
BRH:7
end_of_record
